<?xml version="1.0" encoding="UTF-8"?>
<!-- Generated by org.testng.reporters.JUnitXMLReporter -->
<testsuite hostname="LAPTOP-BGS5S7GJ" ignored="0" name="Default test" tests="1" failures="0" timestamp="16 三月 2020 13:08:18 GMT" time="1.31" errors="0">
  <testcase name="@BeforeTest startServer" time="0.0" classname="com.guo.appium.testcases.TestBase">
    <failure type="org.testng.TestNGException" message="
Parameter &amp;apos;port&amp;apos; is required by BeforeTest on method startServer but has not been marked @Optional or defined
in C:\Users\lixio\AppData\Local\Temp\testng-eclipse--1139593306\testng-customsuite.xml">
      <![CDATA[org.testng.TestNGException: 
Parameter 'port' is required by BeforeTest on method startServer but has not been marked @Optional or defined
in C:\Users\lixio\AppData\Local\Temp\testng-eclipse--1139593306\testng-customsuite.xml
at org.testng.internal.Parameters.createParams(Parameters.java:290)
at org.testng.internal.Parameters.createParametersForMethod(Parameters.java:359)
at org.testng.internal.Parameters.createParameters(Parameters.java:620)
at org.testng.internal.Parameters.createConfigurationParameters(Parameters.java:190)
at org.testng.internal.Invoker.invokeConfigurations(Invoker.java:209)
at org.testng.internal.Invoker.invokeConfigurations(Invoker.java:142)
at org.testng.TestRunner.beforeRun(TestRunner.java:529)
at org.testng.TestRunner.run(TestRunner.java:497)
at org.testng.SuiteRunner.runTest(SuiteRunner.java:455)
at org.testng.SuiteRunner.runSequentially(SuiteRunner.java:450)
at org.testng.SuiteRunner.privateRun(SuiteRunner.java:415)
at org.testng.SuiteRunner.run(SuiteRunner.java:364)
at org.testng.SuiteRunnerWorker.runSuite(SuiteRunnerWorker.java:52)
at org.testng.SuiteRunnerWorker.run(SuiteRunnerWorker.java:84)
at org.testng.TestNG.runSuitesSequentially(TestNG.java:1208)
at org.testng.TestNG.runSuitesLocally(TestNG.java:1137)
at org.testng.TestNG.runSuites(TestNG.java:1049)
at org.testng.TestNG.run(TestNG.java:1017)
at org.testng.remote.AbstractRemoteTestNG.run(AbstractRemoteTestNG.java:115)
at org.testng.remote.RemoteTestNG.initAndRun(RemoteTestNG.java:251)
at org.testng.remote.RemoteTestNG.main(RemoteTestNG.java:77)
]]>
    </failure>
  </testcase> <!-- @BeforeTest startServer -->
  <testcase name="@BeforeClass beforeClass" time="0.0" classname="com.guo.appium.testcases.TestBase">
    <skipped/>
  </testcase> <!-- @BeforeClass beforeClass -->
  <testcase name="@AfterMethod backHome" time="0.0" classname="com.guo.appium.testcases.TestBase">
    <skipped/>
  </testcase> <!-- @AfterMethod backHome -->
  <testcase name="@AfterClass afterClass" time="0.0" classname="com.guo.appium.testcases.TestBase">
    <skipped/>
  </testcase> <!-- @AfterClass afterClass -->
  <testcase name="@AfterTest stopServer" time="0.0" classname="com.guo.appium.testcases.TestBase">
    <skipped/>
  </testcase> <!-- @AfterTest stopServer -->
  <testcase name="test" time="0.0" classname="com.guo.appium.keyworddriver.KeywordsTests">
    <skipped/>
  </testcase> <!-- test -->
</testsuite> <!-- Default test -->
