<?xml version="1.0" encoding="UTF-8"?>
<!-- Generated by org.testng.reporters.JUnitReportReporter -->
<testsuite skipped="7" hostname="LAPTOP-BGS5S7GJ" name="com.testcases.DouBanTests" tests="11" failures="2" timestamp="16 Mar 2020 13:10:34 GMT" time="73.656" errors="1">
  <testcase name="test002_loginCorrect" time="0.000" classname="com.testcases.DouBanTests">
    <skipped/>
  </testcase> <!-- test002_loginCorrect -->
  <testcase name="test001_login" time="0.000" classname="com.testcases.DouBanTests">
    <skipped/>
  </testcase> <!-- test001_login -->
  <testcase name="test003_upload" time="0.000" classname="com.testcases.DouBanTests">
    <skipped/>
  </testcase> <!-- test003_upload -->
  <testcase name="test001_login" time="21.971" classname="com.testcases.DouBanTests"/>
  <testcase name="test003_upload" time="0.000" classname="com.testcases.DouBanTests">
    <skipped/>
  </testcase> <!-- test003_upload -->
  <testcase name="test002_loginCorrect" time="15.412" classname="com.testcases.DouBanTests">
    <failure type="java.lang.AssertionError" message="expected [true] but found [false]">
      <![CDATA[java.lang.AssertionError: expected [true] but found [false]
at org.testng.Assert.fail(Assert.java:96)
at org.testng.Assert.failNotEquals(Assert.java:776)
at org.testng.Assert.assertEqualsImpl(Assert.java:137)
at org.testng.Assert.assertEquals(Assert.java:118)
at org.testng.Assert.assertEquals(Assert.java:568)
at org.testng.Assert.assertEquals(Assert.java:578)
at com.testcases.DouBanTests.test002_loginCorrect(DouBanTests.java:51)
at sun.reflect.NativeMethodAccessorImpl.invoke0(Native Method)
at sun.reflect.NativeMethodAccessorImpl.invoke(NativeMethodAccessorImpl.java:62)
at sun.reflect.DelegatingMethodAccessorImpl.invoke(DelegatingMethodAccessorImpl.java:43)
at java.lang.reflect.Method.invoke(Method.java:498)
at org.testng.internal.MethodInvocationHelper.invokeMethod(MethodInvocationHelper.java:124)
at org.testng.internal.Invoker.invokeMethod(Invoker.java:580)
at org.testng.internal.Invoker.invokeTestMethod(Invoker.java:716)
at org.testng.internal.Invoker.invokeTestMethods(Invoker.java:988)
at org.testng.internal.TestMethodWorker.invokeTestMethods(TestMethodWorker.java:125)
at org.testng.internal.TestMethodWorker.run(TestMethodWorker.java:109)
at org.testng.TestRunner.privateRun(TestRunner.java:648)
at org.testng.TestRunner.run(TestRunner.java:505)
at org.testng.SuiteRunner.runTest(SuiteRunner.java:455)
at org.testng.SuiteRunner.access$000(SuiteRunner.java:40)
at org.testng.SuiteRunner$SuiteWorker.run(SuiteRunner.java:489)
at org.testng.internal.thread.ThreadUtil$1.call(ThreadUtil.java:52)
at java.util.concurrent.FutureTask.run(FutureTask.java:266)
at java.util.concurrent.ThreadPoolExecutor.runWorker(ThreadPoolExecutor.java:1142)
at java.util.concurrent.ThreadPoolExecutor$Worker.run(ThreadPoolExecutor.java:617)
at java.lang.Thread.run(Thread.java:745)
]]>
    </failure>
  </testcase> <!-- test002_loginCorrect -->
  <testcase name="test001_login" time="0.000" classname="com.testcases.DouBanTests">
    <skipped/>
  </testcase> <!-- test001_login -->
  <testcase name="test004_modifyIntro" time="0.000" classname="com.testcases.DouBanTests">
    <skipped/>
  </testcase> <!-- test004_modifyIntro -->
  <testcase name="beforeClass" time="7.215" classname="com.testcases.DouBanTests">
    <error type="java.lang.NullPointerException">
        <![CDATA[java.lang.NullPointerException
at com.guo.appium.testcases.TestBase.beforeClass(TestBase.java:75)
at sun.reflect.NativeMethodAccessorImpl.invoke0(Native Method)
at sun.reflect.NativeMethodAccessorImpl.invoke(NativeMethodAccessorImpl.java:62)
at sun.reflect.DelegatingMethodAccessorImpl.invoke(DelegatingMethodAccessorImpl.java:43)
at java.lang.reflect.Method.invoke(Method.java:498)
at org.testng.internal.MethodInvocationHelper.invokeMethod(MethodInvocationHelper.java:124)
at org.testng.internal.MethodInvocationHelper.invokeMethodConsideringTimeout(MethodInvocationHelper.java:59)
at org.testng.internal.Invoker.invokeConfigurationMethod(Invoker.java:455)
at org.testng.internal.Invoker.invokeConfigurations(Invoker.java:222)
at org.testng.internal.Invoker.invokeConfigurations(Invoker.java:142)
at org.testng.internal.TestMethodWorker.invokeBeforeClassMethods(TestMethodWorker.java:168)
at org.testng.internal.TestMethodWorker.run(TestMethodWorker.java:105)
at org.testng.TestRunner.privateRun(TestRunner.java:648)
at org.testng.TestRunner.run(TestRunner.java:505)
at org.testng.SuiteRunner.runTest(SuiteRunner.java:455)
at org.testng.SuiteRunner.access$000(SuiteRunner.java:40)
at org.testng.SuiteRunner$SuiteWorker.run(SuiteRunner.java:489)
at org.testng.internal.thread.ThreadUtil$1.call(ThreadUtil.java:52)
at java.util.concurrent.FutureTask.run(FutureTask.java:266)
at java.util.concurrent.ThreadPoolExecutor.runWorker(ThreadPoolExecutor.java:1142)
at java.util.concurrent.ThreadPoolExecutor$Worker.run(ThreadPoolExecutor.java:617)
at java.lang.Thread.run(Thread.java:745)
]]>
    </error>
  </testcase> <!-- beforeClass -->
  <testcase name="test001_login" time="29.058" classname="com.testcases.DouBanTests">
    <failure type="java.lang.AssertionError" message="An element could not be located on the page using the given search parameters.
For documentation on this error, please visit: https://www.seleniumhq.org/exceptions/no_such_element.html
Build info: version: &#039;3.141.59&#039;, revision: &#039;e82be7d358&#039;, time: &#039;2018-11-14T08:17:03&#039;
System info: host: &#039;LAPTOP-BGS5S7GJ&#039;, ip: &#039;192.168.99.1&#039;, os.name: &#039;Windows 10&#039;, os.arch: &#039;amd64&#039;, os.version: &#039;10.0&#039;, java.version: &#039;1.8.0_121&#039;
Driver info: io.appium.java_client.android.AndroidDriver
Capabilities {app: C:/Users/lixio/Desktop/doub..., appActivity: com.douban.frodo.activity.S..., appPackage: com.douban.frodo, autoGrantPermissions: true, automationName: uiautomator2, databaseEnabled: false, desired: {app: C:/Users/lixio/Desktop/doub..., appActivity: com.douban.frodo.activity.S..., appPackage: com.douban.frodo, autoGrantPermissions: true, automationName: uiautomator2, deviceName: devicename, deviceReadyTimeout: 30, newCommandTimeout: 600, noReset: false, noSign: true, platformName: android, resetKeyboard: true, systemPort: 7521, udid: 127.0.0.1:62001, unicodeKeyboard: true}, deviceApiLevel: 22, deviceManufacturer: Google, deviceModel: google Pixel 2, deviceName: 127.0.0.1:62001, deviceReadyTimeout: 30, deviceScreenDensity: 320, deviceScreenSize: 900x1600, deviceUDID: 127.0.0.1:62001, javascriptEnabled: true, locationContextEnabled: false, networkConnectionEnabled: true, newCommandTimeout: 600, noReset: false, noSign: true, pixelRatio: 2, platform: LINUX, platformName: Android, platformVersion: 5.1.1, resetKeyboard: true, statBarHeight: 50, systemPort: 7521, takesScreenshot: true, udid: 127.0.0.1:62001, unicodeKeyboard: true, viewportRect: {height: 1550, left: 0, top: 50, width: 900}, warnings: {}, webStorageEnabled: false}
Session ID: fa72ddde-5efc-4f74-8706-1ceb1c667635
*** Element info: {Using=id, value=com.douban.frodo:id/left}">
        <![CDATA[java.lang.AssertionError: An element could not be located on the page using the given search parameters.
For documentation on this error, please visit: https://www.seleniumhq.org/exceptions/no_such_element.html
Build info: version: '3.141.59', revision: 'e82be7d358', time: '2018-11-14T08:17:03'
System info: host: 'LAPTOP-BGS5S7GJ', ip: '192.168.99.1', os.name: 'Windows 10', os.arch: 'amd64', os.version: '10.0', java.version: '1.8.0_121'
Driver info: io.appium.java_client.android.AndroidDriver
Capabilities {app: C:/Users/lixio/Desktop/doub..., appActivity: com.douban.frodo.activity.S..., appPackage: com.douban.frodo, autoGrantPermissions: true, automationName: uiautomator2, databaseEnabled: false, desired: {app: C:/Users/lixio/Desktop/doub..., appActivity: com.douban.frodo.activity.S..., appPackage: com.douban.frodo, autoGrantPermissions: true, automationName: uiautomator2, deviceName: devicename, deviceReadyTimeout: 30, newCommandTimeout: 600, noReset: false, noSign: true, platformName: android, resetKeyboard: true, systemPort: 7521, udid: 127.0.0.1:62001, unicodeKeyboard: true}, deviceApiLevel: 22, deviceManufacturer: Google, deviceModel: google Pixel 2, deviceName: 127.0.0.1:62001, deviceReadyTimeout: 30, deviceScreenDensity: 320, deviceScreenSize: 900x1600, deviceUDID: 127.0.0.1:62001, javascriptEnabled: true, locationContextEnabled: false, networkConnectionEnabled: true, newCommandTimeout: 600, noReset: false, noSign: true, pixelRatio: 2, platform: LINUX, platformName: Android, platformVersion: 5.1.1, resetKeyboard: true, statBarHeight: 50, systemPort: 7521, takesScreenshot: true, udid: 127.0.0.1:62001, unicodeKeyboard: true, viewportRect: {height: 1550, left: 0, top: 50, width: 900}, warnings: {}, webStorageEnabled: false}
Session ID: fa72ddde-5efc-4f74-8706-1ceb1c667635
*** Element info: {Using=id, value=com.douban.frodo:id/left}
at org.testng.Assert.fail(Assert.java:96)
at com.guo.appium.testng.Assertion.fail(Assertion.java:90)
at com.testcases.DouBanTests.test001_login(DouBanTests.java:41)
at sun.reflect.NativeMethodAccessorImpl.invoke0(Native Method)
at sun.reflect.NativeMethodAccessorImpl.invoke(NativeMethodAccessorImpl.java:62)
at sun.reflect.DelegatingMethodAccessorImpl.invoke(DelegatingMethodAccessorImpl.java:43)
at java.lang.reflect.Method.invoke(Method.java:498)
at org.testng.internal.MethodInvocationHelper.invokeMethod(MethodInvocationHelper.java:124)
at org.testng.internal.Invoker.invokeMethod(Invoker.java:580)
at org.testng.internal.Invoker.invokeTestMethod(Invoker.java:716)
at org.testng.internal.Invoker.invokeTestMethods(Invoker.java:988)
at org.testng.internal.TestMethodWorker.invokeTestMethods(TestMethodWorker.java:125)
at org.testng.internal.TestMethodWorker.run(TestMethodWorker.java:109)
at org.testng.TestRunner.privateRun(TestRunner.java:648)
at org.testng.TestRunner.run(TestRunner.java:505)
at org.testng.SuiteRunner.runTest(SuiteRunner.java:455)
at org.testng.SuiteRunner.access$000(SuiteRunner.java:40)
at org.testng.SuiteRunner$SuiteWorker.run(SuiteRunner.java:489)
at org.testng.internal.thread.ThreadUtil$1.call(ThreadUtil.java:52)
at java.util.concurrent.FutureTask.run(FutureTask.java:266)
at java.util.concurrent.ThreadPoolExecutor.runWorker(ThreadPoolExecutor.java:1142)
at java.util.concurrent.ThreadPoolExecutor$Worker.run(ThreadPoolExecutor.java:617)
at java.lang.Thread.run(Thread.java:745)
]]>
    </failure>
  </testcase> <!-- test001_login -->
  <testcase name="test004_modifyIntro" time="0.000" classname="com.testcases.DouBanTests">
    <skipped/>
  </testcase> <!-- test004_modifyIntro -->
</testsuite> <!-- com.testcases.DouBanTests -->
